\BOOKMARK [0][-]{chapter.1}{\376\377\000I\000n\000t\000r\000o\000d\000u\000c\000t\000i\000o\000n}{}% 1
\BOOKMARK [1][-]{section.1.1}{\376\377\000B\000a\000c\000k\000g\000r\000o\000u\000n\000d\000\040\000a\000n\000d\000\040\000P\000r\000o\000b\000l\000e\000m\000\040\000S\000t\000a\000t\000e\000m\000e\000n\000t}{chapter.1}% 2
\BOOKMARK [1][-]{section.1.2}{\376\377\000S\000c\000i\000e\000n\000t\000i\000f\000i\000c\000\040\000a\000n\000d\000\040\000S\000o\000c\000i\000e\000t\000a\000l\000\040\000R\000e\000l\000e\000v\000a\000n\000c\000e}{chapter.1}% 3
\BOOKMARK [1][-]{section.1.3}{\376\377\000R\000e\000s\000e\000a\000r\000c\000h\000\040\000Q\000u\000e\000s\000t\000i\000o\000n}{chapter.1}% 4
\BOOKMARK [1][-]{section.1.4}{\376\377\000H\000y\000p\000o\000t\000h\000e\000s\000e\000s}{chapter.1}% 5
\BOOKMARK [1][-]{section.1.5}{\376\377\000T\000h\000e\000s\000i\000s\000\040\000O\000u\000t\000l\000i\000n\000e}{chapter.1}% 6
\BOOKMARK [0][-]{chapter.2}{\376\377\000T\000h\000e\000o\000r\000e\000t\000i\000c\000a\000l\000\040\000F\000r\000a\000m\000e\000w\000o\000r\000k\000\040\000a\000n\000d\000\040\000L\000i\000t\000e\000r\000a\000t\000u\000r\000e\000\040\000R\000e\000v\000i\000e\000w}{}% 7
\BOOKMARK [1][-]{section.2.1}{\376\377\000D\000e\000f\000i\000n\000i\000t\000i\000o\000n\000\040\000a\000n\000d\000\040\000M\000e\000a\000s\000u\000r\000e\000m\000e\000n\000t\000\040\000o\000f\000\040\000N\000e\000u\000r\000o\000t\000i\000c\000i\000s\000m}{chapter.2}% 8
\BOOKMARK [2][-]{subsection.2.1.1}{\376\377\000D\000e\000f\000i\000n\000i\000t\000i\000o\000n\000\040\000a\000n\000d\000\040\000F\000a\000c\000e\000t\000s}{section.2.1}% 9
\BOOKMARK [2][-]{subsection.2.1.2}{\376\377\000T\000h\000e\000o\000r\000e\000t\000i\000c\000a\000l\000\040\000F\000o\000u\000n\000d\000a\000t\000i\000o\000n\000s}{section.2.1}% 10
\BOOKMARK [2][-]{subsection.2.1.3}{\376\377\000M\000e\000a\000s\000u\000r\000e\000m\000e\000n\000t\000\040\000I\000n\000s\000t\000r\000u\000m\000e\000n\000t\000s}{section.2.1}% 11
\BOOKMARK [2][-]{subsection.2.1.4}{\376\377\000M\000a\000n\000i\000f\000e\000s\000t\000a\000t\000i\000o\000n\000s\000\040\000a\000n\000d\000\040\000C\000o\000r\000r\000e\000l\000a\000t\000e\000s}{section.2.1}% 12
\BOOKMARK [1][-]{section.2.2}{\376\377\000P\000h\000y\000s\000i\000o\000l\000o\000g\000i\000c\000a\000l\000\040\000S\000t\000r\000e\000s\000s\000\040\000R\000e\000a\000c\000t\000i\000v\000i\000t\000y\000\040\000\050\000F\000o\000c\000u\000s\000\040\000o\000n\000\040\000C\000a\000r\000d\000i\000o\000v\000a\000s\000c\000u\000l\000a\000r\000\040\000M\000e\000a\000s\000u\000r\000e\000s\000\051}{chapter.2}% 13
\BOOKMARK [2][-]{subsection.2.2.1}{\376\377\000D\000e\000f\000i\000n\000i\000t\000i\000o\000n\000\040\000a\000n\000d\000\040\000C\000o\000n\000c\000e\000p\000t\000s}{section.2.2}% 14
\BOOKMARK [2][-]{subsection.2.2.2}{\376\377\000N\000e\000u\000r\000o\000e\000n\000d\000o\000c\000r\000i\000n\000e\000\040\000P\000a\000t\000h\000w\000a\000y\000s}{section.2.2}% 15
\BOOKMARK [2][-]{subsection.2.2.3}{\376\377\000C\000a\000r\000d\000i\000o\000v\000a\000s\000c\000u\000l\000a\000r\000\040\000M\000a\000r\000k\000e\000r\000s\000\040\000\050\000H\000R\000,\000\040\000H\000R\000V\000,\000\040\000B\000P\000\051}{section.2.2}% 16
\BOOKMARK [2][-]{subsection.2.2.4}{\376\377\000C\000a\000r\000d\000i\000o\000v\000a\000s\000c\000u\000l\000a\000r\000\040\000R\000e\000a\000c\000t\000i\000v\000i\000t\000y\000\040\000H\000y\000p\000o\000t\000h\000e\000s\000i\000s}{section.2.2}% 17
\BOOKMARK [2][-]{subsection.2.2.5}{\376\377\000M\000o\000d\000e\000r\000a\000t\000o\000r\000s\000\040\000o\000f\000\040\000R\000e\000a\000c\000t\000i\000v\000i\000t\000y}{section.2.2}% 18
\BOOKMARK [1][-]{section.2.3}{\376\377\000S\000t\000r\000e\000s\000s\000\040\000i\000n\000\040\000D\000a\000i\000l\000y\000\040\000\050\000W\000o\000r\000k\000\051\000\040\000L\000i\000f\000e\000\040\000v\000e\000r\000s\000u\000s\000\040\000L\000a\000b\000o\000r\000a\000t\000o\000r\000y\000\040\000S\000e\000t\000t\000i\000n\000g\000s}{chapter.2}% 19
\BOOKMARK [2][-]{subsection.2.3.1}{\376\377\000L\000a\000b\000o\000r\000a\000t\000o\000r\000y\000\040\000S\000t\000r\000e\000s\000s\000o\000r\000s\000:\000\040\000C\000h\000a\000r\000a\000c\000t\000e\000r\000i\000s\000t\000i\000c\000s\000\040\000a\000n\000d\000\040\000L\000i\000m\000i\000t\000a\000t\000i\000o\000n\000s}{section.2.3}% 20
\BOOKMARK [2][-]{subsection.2.3.2}{\376\377\000S\000t\000r\000e\000s\000s\000\040\000i\000n\000\040\000D\000a\000i\000l\000y\000\040\000W\000o\000r\000k\000\040\000L\000i\000f\000e\000:\000\040\000C\000h\000a\000r\000a\000c\000t\000e\000r\000i\000s\000t\000i\000c\000s\000\040\000a\000n\000d\000\040\000A\000d\000v\000a\000n\000t\000a\000g\000e\000s}{section.2.3}% 21
\BOOKMARK [2][-]{subsection.2.3.3}{\376\377\000C\000o\000m\000p\000a\000r\000i\000s\000o\000n\000\040\000o\000f\000\040\000S\000t\000r\000e\000s\000s\000\040\000R\000e\000s\000p\000o\000n\000s\000e\000s}{section.2.3}% 22
\BOOKMARK [1][-]{section.2.4}{\376\377\000A\000m\000b\000u\000l\000a\000t\000o\000r\000y\000\040\000M\000e\000a\000s\000u\000r\000e\000m\000e\000n\000t\000s\000\040\000a\000n\000d\000\040\000E\000c\000o\000l\000o\000g\000i\000c\000a\000l\000\040\000M\000o\000m\000e\000n\000t\000a\000r\000y\000\040\000A\000s\000s\000e\000s\000s\000m\000e\000n\000t\000\040\000\050\000E\000M\000A\000\051}{chapter.2}% 23
\BOOKMARK [2][-]{subsection.2.4.1}{\376\377\000A\000m\000b\000u\000l\000a\000t\000o\000r\000y\000\040\000P\000h\000y\000s\000i\000o\000l\000o\000g\000i\000c\000a\000l\000\040\000M\000o\000n\000i\000t\000o\000r\000i\000n\000g}{section.2.4}% 24
\BOOKMARK [2][-]{subsection.2.4.2}{\376\377\000E\000c\000o\000l\000o\000g\000i\000c\000a\000l\000\040\000M\000o\000m\000e\000n\000t\000a\000r\000y\000\040\000A\000s\000s\000e\000s\000s\000m\000e\000n\000t\000\040\000\050\000E\000M\000A\000\051}{section.2.4}% 25
\BOOKMARK [2][-]{subsection.2.4.3}{\376\377\000I\000n\000t\000e\000g\000r\000a\000t\000i\000o\000n\000\040\000a\000n\000d\000\040\000S\000y\000n\000e\000r\000g\000y}{section.2.4}% 26
\BOOKMARK [2][-]{subsection.2.4.4}{\376\377\000M\000e\000t\000h\000o\000d\000o\000l\000o\000g\000i\000c\000a\000l\000\040\000C\000h\000a\000l\000l\000e\000n\000g\000e\000s\000\040\000i\000n\000\040\000F\000i\000e\000l\000d\000\040\000R\000e\000s\000e\000a\000r\000c\000h}{section.2.4}% 27
\BOOKMARK [1][-]{section.2.5}{\376\377\000T\000h\000e\000\040\000N\000e\000u\000r\000o\000t\000i\000c\000i\000s\000m\000-\000S\000t\000r\000e\000s\000s\000\040\000R\000e\000a\000c\000t\000i\000v\000i\000t\000y\000\040\000R\000e\000l\000a\000t\000i\000o\000n\000s\000h\000i\000p}{chapter.2}% 28
\BOOKMARK [2][-]{subsection.2.5.1}{\376\377\000S\000t\000r\000e\000s\000s\000\040\000R\000e\000a\000c\000t\000i\000v\000i\000t\000y\000\040\000P\000a\000t\000t\000e\000r\000n\000s}{section.2.5}% 29
\BOOKMARK [2][-]{subsection.2.5.2}{\376\377\000N\000e\000u\000r\000o\000t\000i\000c\000i\000s\000m\000\040\000a\000n\000d\000\040\000I\000n\000c\000r\000e\000a\000s\000e\000d\000\040\000N\000e\000g\000a\000t\000i\000v\000e\000\040\000A\000f\000f\000e\000c\000t\000i\000v\000i\000t\000y}{section.2.5}% 30
\BOOKMARK [2][-]{subsection.2.5.3}{\376\377\000E\000m\000p\000i\000r\000i\000c\000a\000l\000\040\000E\000v\000i\000d\000e\000n\000c\000e\000\040\000\050\000C\000a\000r\000d\000i\000o\000v\000a\000s\000c\000u\000l\000a\000r\000\051}{section.2.5}% 31
\BOOKMARK [2][-]{subsection.2.5.4}{\376\377\000T\000h\000e\000o\000r\000e\000t\000i\000c\000a\000l\000\040\000E\000x\000p\000l\000a\000n\000a\000t\000i\000o\000n\000s\000\040\000f\000o\000r\000\040\000D\000i\000s\000c\000r\000e\000p\000a\000n\000c\000i\000e\000s}{section.2.5}% 32
\BOOKMARK [2][-]{subsection.2.5.5}{\376\377\000S\000y\000n\000t\000h\000e\000s\000i\000s\000\040\000f\000o\000r\000\040\000D\000a\000i\000l\000y\000\040\000W\000o\000r\000k\000\040\000S\000i\000t\000u\000a\000t\000i\000o\000n\000s}{section.2.5}% 33
\BOOKMARK [1][-]{section.2.6}{\376\377\000M\000e\000t\000h\000o\000d\000o\000l\000o\000g\000i\000c\000a\000l\000\040\000C\000o\000n\000s\000i\000d\000e\000r\000a\000t\000i\000o\000n\000s\000\040\000i\000n\000\040\000S\000t\000r\000e\000s\000s\000\040\000R\000e\000s\000e\000a\000r\000c\000h}{chapter.2}% 34
\BOOKMARK [0][-]{chapter.3}{\376\377\000M\000e\000t\000h\000o\000d}{}% 35
\BOOKMARK [1][-]{section.3.1}{\376\377\000R\000e\000s\000e\000a\000r\000c\000h\000\040\000D\000e\000s\000i\000g\000n}{chapter.3}% 36
\BOOKMARK [1][-]{section.3.2}{\376\377\000P\000a\000r\000t\000i\000c\000i\000p\000a\000n\000t\000s}{chapter.3}% 37
\BOOKMARK [2][-]{subsection.3.2.1}{\376\377\000R\000e\000c\000r\000u\000i\000t\000m\000e\000n\000t\000\040\000a\000n\000d\000\040\000S\000a\000m\000p\000l\000e\000\040\000C\000h\000a\000r\000a\000c\000t\000e\000r\000i\000s\000t\000i\000c\000s}{section.3.2}% 38
\BOOKMARK [2][-]{subsection.3.2.2}{\376\377\000I\000n\000c\000l\000u\000s\000i\000o\000n\000\040\000a\000n\000d\000\040\000E\000x\000c\000l\000u\000s\000i\000o\000n\000\040\000C\000r\000i\000t\000e\000r\000i\000a}{section.3.2}% 39
\BOOKMARK [2][-]{subsection.3.2.3}{\376\377\000S\000a\000m\000p\000l\000e\000\040\000S\000i\000z\000e\000\040\000a\000n\000d\000\040\000P\000o\000w\000e\000r\000\040\000\050\000P\000o\000s\000t\000-\000h\000o\000c\000\040\000C\000o\000n\000s\000i\000d\000e\000r\000a\000t\000i\000o\000n\000\051}{section.3.2}% 40
\BOOKMARK [2][-]{subsection.3.2.4}{\376\377\000E\000t\000h\000i\000c\000a\000l\000\040\000C\000o\000n\000s\000i\000d\000e\000r\000a\000t\000i\000o\000n\000s}{section.3.2}% 41
\BOOKMARK [1][-]{section.3.3}{\376\377\000M\000a\000t\000e\000r\000i\000a\000l\000s\000\040\000a\000n\000d\000\040\000M\000e\000a\000s\000u\000r\000e\000m\000e\000n\000t\000\040\000I\000n\000s\000t\000r\000u\000m\000e\000n\000t\000s}{chapter.3}% 42
\BOOKMARK [2][-]{subsection.3.3.1}{\376\377\000N\000e\000u\000r\000o\000t\000i\000c\000i\000s\000m\000\040\000\050\000A\000m\000s\000t\000e\000r\000d\000a\000m\000\040\000B\000i\000o\000g\000r\000a\000p\000h\000i\000c\000a\000l\000\040\000Q\000u\000e\000s\000t\000i\000o\000n\000n\000a\000i\000r\000e\000\051}{section.3.3}% 43
\BOOKMARK [2][-]{subsection.3.3.2}{\376\377\000C\000a\000r\000d\000i\000o\000v\000a\000s\000c\000u\000l\000a\000r\000\040\000P\000a\000r\000a\000m\000e\000t\000e\000r\000s\000\040\000\050\000V\000U\000-\000A\000M\000S\000\051}{section.3.3}% 44
\BOOKMARK [2][-]{subsection.3.3.3}{\376\377\000P\000h\000y\000s\000i\000c\000a\000l\000\040\000A\000c\000t\000i\000v\000i\000t\000y\000\040\000\050\000A\000c\000c\000e\000l\000e\000r\000o\000m\000e\000t\000e\000r\000\051}{section.3.3}% 45
\BOOKMARK [2][-]{subsection.3.3.4}{\376\377\000D\000i\000a\000r\000y\000\040\000\050\000E\000M\000A\000\040\000E\000l\000e\000m\000e\000n\000t\000s\000\051}{section.3.3}% 46
\BOOKMARK [2][-]{subsection.3.3.5}{\376\377\000O\000t\000h\000e\000r\000\040\000M\000e\000a\000s\000u\000r\000e\000m\000e\000n\000t\000s\000\040\000\050\000A\000n\000t\000h\000r\000o\000p\000o\000m\000e\000t\000r\000y\000,\000\040\000D\000e\000m\000o\000g\000r\000a\000p\000h\000i\000c\000s\000,\000\040\000L\000i\000f\000e\000s\000t\000y\000l\000e\000\051}{section.3.3}% 47
\BOOKMARK [1][-]{section.3.4}{\376\377\000P\000r\000o\000c\000e\000d\000u\000r\000e}{chapter.3}% 48
\BOOKMARK [2][-]{subsection.3.4.1}{\376\377\000P\000r\000e\000p\000a\000r\000a\000t\000i\000o\000n}{section.3.4}% 49
\BOOKMARK [2][-]{subsection.3.4.2}{\376\377\000M\000e\000a\000s\000u\000r\000e\000m\000e\000n\000t\000\040\000D\000a\000y\000\040\000P\000r\000o\000t\000o\000c\000o\000l}{section.3.4}% 50
\BOOKMARK [2][-]{subsection.3.4.3}{\376\377\000A\000f\000t\000e\000r\000\040\000t\000h\000e\000\040\000M\000e\000a\000s\000u\000r\000e\000m\000e\000n\000t\000\040\000D\000a\000y}{section.3.4}% 51
\BOOKMARK [1][-]{section.3.5}{\376\377\000D\000a\000t\000a\000\040\000P\000r\000o\000c\000e\000s\000s\000i\000n\000g\000\040\000a\000n\000d\000\040\000A\000n\000a\000l\000y\000s\000i\000s\000\040\000P\000l\000a\000n}{chapter.3}% 52
\BOOKMARK [2][-]{subsection.3.5.1}{\376\377\000U\000s\000e\000d\000\040\000D\000a\000t\000a\000s\000e\000t\000s\000\040\000a\000n\000d\000\040\000S\000o\000f\000t\000w\000a\000r\000e}{section.3.5}% 53
\BOOKMARK [2][-]{subsection.3.5.2}{\376\377\000P\000r\000e\000p\000a\000r\000a\000t\000o\000r\000y\000\040\000S\000t\000e\000p\000s\000\040\000\050\000C\000l\000e\000a\000n\000i\000n\000g\000,\000\040\000O\000p\000e\000r\000a\000t\000i\000o\000n\000a\000l\000i\000z\000a\000t\000i\000o\000n\000\051}{section.3.5}% 54
\BOOKMARK [2][-]{subsection.3.5.3}{\376\377\000S\000t\000a\000t\000i\000s\000t\000i\000c\000a\000l\000\040\000A\000n\000a\000l\000y\000s\000e\000s\000\040\000\050\000O\000v\000e\000r\000v\000i\000e\000w\000\051}{section.3.5}% 55
\BOOKMARK [0][-]{chapter.4}{\376\377\000R\000e\000s\000u\000l\000t\000s}{}% 56
\BOOKMARK [1][-]{section.4.1}{\376\377\000D\000e\000s\000c\000r\000i\000p\000t\000i\000v\000e\000\040\000S\000t\000a\000t\000i\000s\000t\000i\000c\000s\000\040\000o\000f\000\040\000t\000h\000e\000\040\000S\000a\000m\000p\000l\000e}{chapter.4}% 57
\BOOKMARK [2][-]{subsection.4.1.1}{\376\377\000D\000e\000m\000o\000g\000r\000a\000p\000h\000i\000c\000\040\000D\000a\000t\000a}{section.4.1}% 58
\BOOKMARK [2][-]{subsection.4.1.2}{\376\377\000P\000h\000y\000s\000i\000o\000l\000o\000g\000i\000c\000a\000l\000\040\000P\000a\000r\000a\000m\000e\000t\000e\000r\000s\000\040\000\050\000B\000a\000s\000e\000l\000i\000n\000e\000,\000\040\000W\000o\000r\000k\000,\000\040\000R\000e\000a\000c\000t\000i\000v\000i\000t\000y\000\051\000\040\000\050\000N\000=\0003\0000\0000\000\051}{section.4.1}% 59
\BOOKMARK [2][-]{subsection.4.1.3}{\376\377\000S\000t\000r\000a\000t\000i\000f\000i\000e\000d\000\040\000D\000e\000s\000c\000r\000i\000p\000t\000i\000v\000e\000s}{section.4.1}% 60
\BOOKMARK [1][-]{section.4.2}{\376\377\000R\000e\000s\000u\000l\000t\000s\000\040\000p\000e\000r\000\040\000H\000y\000p\000o\000t\000h\000e\000s\000i\000s\000/\000R\000e\000s\000e\000a\000r\000c\000h\000\040\000Q\000u\000e\000s\000t\000i\000o\000n}{chapter.4}% 61
\BOOKMARK [2][-]{subsection.4.2.1}{\376\377\000H\0001\000:\000\040\000N\000e\000u\000r\000o\000t\000i\000c\000i\000s\000m\000\040\000a\000n\000d\000\040\000C\000a\000r\000d\000i\000o\000v\000a\000s\000c\000u\000l\000a\000r\000\040\000S\000t\000r\000e\000s\000s\000\040\000R\000e\000a\000c\000t\000i\000v\000i\000t\000y\000\040\000\050\000G\000r\000o\000u\000p\000\040\000C\000o\000m\000p\000a\000r\000i\000s\000o\000n\000s\000\051}{section.4.2}% 62
\BOOKMARK [2][-]{subsection.4.2.2}{\376\377\000C\000o\000r\000r\000e\000l\000a\000t\000i\000o\000n\000s\000\040\000b\000e\000t\000w\000e\000e\000n\000\040\000C\000o\000n\000t\000i\000n\000u\000o\000u\000s\000\040\000N\000e\000u\000r\000o\000t\000i\000c\000i\000s\000m\000\040\000S\000c\000o\000r\000e\000\040\000a\000n\000d\000\040\000R\000e\000a\000c\000t\000i\000v\000i\000t\000y\000\040\000M\000e\000a\000s\000u\000r\000e\000s\000\040\000\050\000H\0002\000\051}{section.4.2}% 63
\BOOKMARK [1][-]{section.4.3}{\376\377\000A\000d\000d\000i\000t\000i\000o\000n\000a\000l\000\040\000A\000n\000a\000l\000y\000s\000e\000s}{chapter.4}% 64
\BOOKMARK [2][-]{subsection.4.3.1}{\376\377\000I\000n\000f\000l\000u\000e\000n\000c\000e\000\040\000o\000f\000\040\000D\000e\000m\000o\000g\000r\000a\000p\000h\000i\000c\000\040\000F\000a\000c\000t\000o\000r\000s\000\040\000o\000n\000\040\000R\000e\000a\000c\000t\000i\000v\000i\000t\000y\000\040\000\050\000H\0003\000\051}{section.4.3}% 65
\BOOKMARK [2][-]{subsection.4.3.2}{\376\377\000D\000i\000f\000f\000e\000r\000e\000n\000c\000e\000s\000\040\000i\000n\000\040\000P\000h\000y\000s\000i\000o\000l\000o\000g\000y\000\040\000b\000y\000\040\000S\000e\000x\000\040\000a\000n\000d\000\040\000A\000g\000e\000\040\000G\000r\000o\000u\000p}{section.4.3}% 66
\BOOKMARK [2][-]{subsection.4.3.3}{\376\377\000A\000N\000O\000V\000A\000s\000\040\000w\000i\000t\000h\000\040\000N\000e\000u\000r\000o\000t\000i\000c\000i\000s\000m\000\040\000a\000n\000d\000\040\000D\000e\000m\000o\000g\000r\000a\000p\000h\000i\000c\000\040\000F\000a\000c\000t\000o\000r\000s\000\040\000\050\000H\0003\000\051}{section.4.3}% 67
\BOOKMARK [2][-]{subsection.4.3.4}{\376\377\000M\000u\000l\000t\000i\000p\000l\000e\000\040\000R\000e\000g\000r\000e\000s\000s\000i\000o\000n\000\040\000A\000n\000a\000l\000y\000s\000e\000s\000\040\000\050\000E\000x\000p\000l\000o\000r\000a\000t\000o\000r\000y\000\051}{section.4.3}% 68
\BOOKMARK [0][-]{chapter.5}{\376\377\000D\000i\000s\000c\000u\000s\000s\000i\000o\000n}{}% 69
\BOOKMARK [1][-]{section.5.1}{\376\377\000S\000u\000m\000m\000a\000r\000y\000\040\000o\000f\000\040\000K\000e\000y\000\040\000F\000i\000n\000d\000i\000n\000g\000s}{chapter.5}% 70
\BOOKMARK [1][-]{section.5.2}{\376\377\000I\000n\000t\000e\000r\000p\000r\000e\000t\000a\000t\000i\000o\000n\000\040\000o\000f\000\040\000R\000e\000s\000u\000l\000t\000s\000\040\000i\000n\000\040\000R\000e\000l\000a\000t\000i\000o\000n\000\040\000t\000o\000\040\000H\000y\000p\000o\000t\000h\000e\000s\000e\000s\000\040\000a\000n\000d\000\040\000L\000i\000t\000e\000r\000a\000t\000u\000r\000e}{chapter.5}% 71
\BOOKMARK [2][-]{subsection.5.2.1}{\376\377\000N\000e\000u\000r\000o\000t\000i\000c\000i\000s\000m\000\040\000a\000n\000d\000\040\000C\000a\000r\000d\000i\000o\000v\000a\000s\000c\000u\000l\000a\000r\000\040\000R\000e\000a\000c\000t\000i\000v\000i\000t\000y}{section.5.2}% 72
\BOOKMARK [2][-]{subsection.5.2.2}{\376\377\000R\000o\000l\000e\000\040\000o\000f\000\040\000D\000e\000m\000o\000g\000r\000a\000p\000h\000i\000c\000\040\000F\000a\000c\000t\000o\000r\000s}{section.5.2}% 73
\BOOKMARK [1][-]{section.5.3}{\376\377\000E\000x\000p\000l\000a\000n\000a\000t\000i\000o\000n\000s\000\040\000f\000o\000r\000\040\000\050\000U\000n\000\051\000e\000x\000p\000e\000c\000t\000e\000d\000\040\000R\000e\000s\000u\000l\000t\000s}{chapter.5}% 74
\BOOKMARK [1][-]{section.5.4}{\376\377\000S\000t\000r\000e\000n\000g\000t\000h\000s\000\040\000o\000f\000\040\000t\000h\000e\000\040\000R\000e\000s\000e\000a\000r\000c\000h}{chapter.5}% 75
\BOOKMARK [1][-]{section.5.5}{\376\377\000T\000h\000e\000o\000r\000e\000t\000i\000c\000a\000l\000\040\000a\000n\000d\000\040\000P\000r\000a\000c\000t\000i\000c\000a\000l\000\040\000I\000m\000p\000l\000i\000c\000a\000t\000i\000o\000n\000s}{chapter.5}% 76
\BOOKMARK [0][-]{chapter.6}{\376\377\000C\000o\000n\000c\000l\000u\000s\000i\000o\000n}{}% 77
\BOOKMARK [1][-]{section.6.1}{\376\377\000C\000o\000n\000c\000i\000s\000e\000\040\000A\000n\000s\000w\000e\000r\000\040\000t\000o\000\040\000t\000h\000e\000\040\000R\000e\000s\000e\000a\000r\000c\000h\000\040\000Q\000u\000e\000s\000t\000i\000o\000n}{chapter.6}% 78
\BOOKMARK [1][-]{section.6.2}{\376\377\000M\000a\000i\000n\000\040\000C\000o\000n\000c\000l\000u\000s\000i\000o\000n\000s}{chapter.6}% 79
\BOOKMARK [0][-]{chapter.7}{\376\377\000L\000i\000m\000i\000t\000a\000t\000i\000o\000n\000s\000\040\000o\000f\000\040\000t\000h\000e\000\040\000R\000e\000s\000e\000a\000r\000c\000h\000\040\000a\000n\000d\000\040\000E\000r\000r\000o\000r\000\040\000A\000n\000a\000l\000y\000s\000i\000s}{}% 80
\BOOKMARK [1][-]{section.7.1}{\376\377\000M\000e\000t\000h\000o\000d\000o\000l\000o\000g\000i\000c\000a\000l\000\040\000L\000i\000m\000i\000t\000a\000t\000i\000o\000n\000s}{chapter.7}% 81
\BOOKMARK [1][-]{section.7.2}{\376\377\000L\000i\000m\000i\000t\000a\000t\000i\000o\000n\000s\000\040\000R\000e\000l\000a\000t\000e\000d\000\040\000t\000o\000\040\000t\000h\000e\000\040\000S\000a\000m\000p\000l\000e}{chapter.7}% 82
\BOOKMARK [1][-]{section.7.3}{\376\377\000P\000o\000t\000e\000n\000t\000i\000a\000l\000\040\000S\000o\000u\000r\000c\000e\000s\000\040\000o\000f\000\040\000B\000i\000a\000s\000\040\000o\000r\000\040\000E\000r\000r\000o\000r\000s}{chapter.7}% 83
\BOOKMARK [1][-]{section.7.4}{\376\377\000I\000m\000p\000a\000c\000t\000\040\000o\000f\000\040\000L\000i\000m\000i\000t\000a\000t\000i\000o\000n\000s\000\040\000o\000n\000\040\000G\000e\000n\000e\000r\000a\000l\000i\000z\000a\000b\000i\000l\000i\000t\000y\000\040\000a\000n\000d\000\040\000V\000a\000l\000i\000d\000i\000t\000y}{chapter.7}% 84
\BOOKMARK [0][-]{chapter.8}{\376\377\000R\000e\000c\000o\000m\000m\000e\000n\000d\000a\000t\000i\000o\000n\000s}{}% 85
\BOOKMARK [1][-]{section.8.1}{\376\377\000R\000e\000c\000o\000m\000m\000e\000n\000d\000a\000t\000i\000o\000n\000s\000\040\000f\000o\000r\000\040\000F\000u\000t\000u\000r\000e\000\040\000R\000e\000s\000e\000a\000r\000c\000h}{chapter.8}% 86
\BOOKMARK [1][-]{section.8.2}{\376\377\000P\000o\000t\000e\000n\000t\000i\000a\000l\000\040\000P\000r\000a\000c\000t\000i\000c\000a\000l\000\040\000I\000m\000p\000l\000i\000c\000a\000t\000i\000o\000n\000s}{chapter.8}% 87
